  EncryptionContextMenuHandler.cpp
C:\PythonProjects\FileEnDecryptor\FileEncryptorShellExtensions\EncryptionShellExtension\EncryptionContextMenuHandler.h(10,45): warning C4584: 'EncryptionContextMenuHandler': base-class 'IUnknown' is already a base-class of 'IShellExtInit'
C:\Program Files (x86)\Windows Kits\10\Include\10.0.22000.0\um\unknwnbase.h(117,9): message : see declaration of 'IUnknown'
C:\Program Files (x86)\Windows Kits\10\Include\10.0.22000.0\um\shobjidl_core.h(13389,5): message : see declaration of 'IShellExtInit'
C:\PythonProjects\FileEnDecryptor\FileEncryptorShellExtensions\EncryptionShellExtension\IconBitmapUtils.h(25,2): warning C4091: 'static ': ignored on left of 'IconBitmapUtils' when no variable is declared
C:\PythonProjects\FileEnDecryptor\FileEncryptorShellExtensions\EncryptionShellExtension\EncryptionContextMenuHandler.cpp(106,35): warning C4018: '<': signed/unsigned mismatch
C:\PythonProjects\FileEnDecryptor\FileEncryptorShellExtensions\EncryptionShellExtension\EncryptionContextMenuHandler.cpp(174,56): warning C4267: 'initializing': conversion from 'size_t' to 'int', possible loss of data
  EncryptionShellExtension.cpp
C:\PythonProjects\FileEnDecryptor\FileEncryptorShellExtensions\EncryptionShellExtension\EncryptionShellExtension.cpp(2,10): warning C4067: unexpected tokens following preprocessor directive - expected a newline
C:\PythonProjects\FileEnDecryptor\FileEncryptorShellExtensions\EncryptionShellExtension\EnShlExtClassFactory.h(4,37): warning C4584: 'EnShlExtClassFactory': base-class 'IUnknown' is already a base-class of 'IClassFactory'
C:\Program Files (x86)\Windows Kits\10\Include\10.0.22000.0\um\unknwnbase.h(117,9): message : see declaration of 'IUnknown'
C:\Program Files (x86)\Windows Kits\10\Include\10.0.22000.0\um\unknwnbase.h(458,5): message : see declaration of 'IClassFactory'
C:\PythonProjects\FileEnDecryptor\FileEncryptorShellExtensions\EncryptionShellExtension\EncryptionContextMenuHandler.h(10,45): warning C4584: 'EncryptionContextMenuHandler': base-class 'IUnknown' is already a base-class of 'IShellExtInit'
C:\Program Files (x86)\Windows Kits\10\Include\10.0.22000.0\um\unknwnbase.h(117,9): message : see declaration of 'IUnknown'
C:\Program Files (x86)\Windows Kits\10\Include\10.0.22000.0\um\shobjidl_core.h(13389,5): message : see declaration of 'IShellExtInit'
C:\PythonProjects\FileEnDecryptor\FileEncryptorShellExtensions\EncryptionShellExtension\EncryptionShellExtension.cpp(73,38): warning C4267: 'initializing': conversion from 'size_t' to 'DWORD', possible loss of data
     Creating library C:\PythonProjects\FileEnDecryptor\FileEncryptorShellExtensions\x64\Release\EncryptionShellExtension.lib and object C:\PythonProjects\FileEnDecryptor\FileEncryptorShellExtensions\x64\Release\EncryptionShellExtension.exp
  Generating code
  6 of 357 functions ( 1.7%) were compiled, the rest were copied from previous compilation.
    1 functions were new in current compilation
    13 functions had inline decision re-evaluated but remain unchanged
  Finished generating code
  EncryptionShellExtension.vcxproj -> C:\PythonProjects\FileEnDecryptor\FileEncryptorShellExtensions\x64\Release\EncryptionShellExtension.dll
